<?xml version="1.0" encoding="UTF-8"?>
<testsuite xmlns:xsi="http://www.w3.org/2001/XMLSchema-instance" xsi:noNamespaceSchemaLocation="https://maven.apache.org/surefire/maven-surefire-plugin/xsd/surefire-test-report-3.0.xsd" version="3.0" name="GraphParserTest" time="0.042" tests="12" errors="0" skipped="0" failures="0">
  <properties>
[...]
</properties>
  <testcase name="testParseGraph" classname="GraphParserTest" time="0.004">
    <system-out><![CDATA[Output DOT file path: /Users/kevinjohnson/Downloads/CSE-464-2023-kljohn71-main/CSE-464-2023-kljohn71-1/CSE464-Part1/test/output_graph.dot
]]></system-out>
  </testcase>
  <testcase name="testOutputDOTGraph" classname="GraphParserTest" time="0.007">
    <system-out><![CDATA[Output DOT file path: /Users/kevinjohnson/Downloads/CSE-464-2023-kljohn71-main/CSE-464-2023-kljohn71-1/CSE464-Part1/test/output_graph.dot
]]></system-out>
    <system-err><![CDATA[java.io.FileNotFoundException: original_test_graph.dot (No such file or directory)
	at java.base/java.io.FileInputStream.open0(Native Method)
	at java.base/java.io.FileInputStream.open(FileInputStream.java:216)
	at java.base/java.io.FileInputStream.<init>(FileInputStream.java:157)
	at java.base/java.io.FileInputStream.<init>(FileInputStream.java:111)
	at java.base/java.io.FileReader.<init>(FileReader.java:60)
	at GraphParserTest.testOutputDOTGraph(GraphParserTest.java:74)
	at java.base/jdk.internal.reflect.NativeMethodAccessorImpl.invoke0(Native Method)
	at java.base/jdk.internal.reflect.NativeMethodAccessorImpl.invoke(NativeMethodAccessorImpl.java:77)
	at java.base/jdk.internal.reflect.DelegatingMethodAccessorImpl.invoke(DelegatingMethodAccessorImpl.java:43)
	at java.base/java.lang.reflect.Method.invoke(Method.java:568)
	at org.junit.runners.model.FrameworkMethod$1.runReflectiveCall(FrameworkMethod.java:59)
	at org.junit.internal.runners.model.ReflectiveCallable.run(ReflectiveCallable.java:12)
	at org.junit.runners.model.FrameworkMethod.invokeExplosively(FrameworkMethod.java:56)
	at org.junit.internal.runners.statements.InvokeMethod.evaluate(InvokeMethod.java:17)
	at org.junit.internal.runners.statements.RunBefores.evaluate(RunBefores.java:26)
	at org.junit.internal.runners.statements.RunAfters.evaluate(RunAfters.java:27)
	at org.junit.runners.ParentRunner$3.evaluate(ParentRunner.java:306)
	at org.junit.runners.BlockJUnit4ClassRunner$1.evaluate(BlockJUnit4ClassRunner.java:100)
	at org.junit.runners.ParentRunner.runLeaf(ParentRunner.java:366)
	at org.junit.runners.BlockJUnit4ClassRunner.runChild(BlockJUnit4ClassRunner.java:103)
	at org.junit.runners.BlockJUnit4ClassRunner.runChild(BlockJUnit4ClassRunner.java:63)
	at org.junit.runners.ParentRunner$4.run(ParentRunner.java:331)
	at org.junit.runners.ParentRunner$1.schedule(ParentRunner.java:79)
	at org.junit.runners.ParentRunner.runChildren(ParentRunner.java:329)
	at org.junit.runners.ParentRunner.access$100(ParentRunner.java:66)
	at org.junit.runners.ParentRunner$2.evaluate(ParentRunner.java:293)
	at org.junit.runners.ParentRunner$3.evaluate(ParentRunner.java:306)
	at org.junit.runners.ParentRunner.run(ParentRunner.java:413)
	at org.apache.maven.surefire.junit4.JUnit4Provider.execute(JUnit4Provider.java:316)
	at org.apache.maven.surefire.junit4.JUnit4Provider.executeWithRerun(JUnit4Provider.java:240)
	at org.apache.maven.surefire.junit4.JUnit4Provider.executeTestSet(JUnit4Provider.java:214)
	at org.apache.maven.surefire.junit4.JUnit4Provider.invoke(JUnit4Provider.java:155)
	at org.apache.maven.surefire.booter.ForkedBooter.runSuitesInProcess(ForkedBooter.java:385)
	at org.apache.maven.surefire.booter.ForkedBooter.execute(ForkedBooter.java:162)
	at org.apache.maven.surefire.booter.ForkedBooter.run(ForkedBooter.java:507)
	at org.apache.maven.surefire.booter.ForkedBooter.main(ForkedBooter.java:495)
]]></system-err>
  </testcase>
  <testcase name="testAddEdge" classname="GraphParserTest" time="0.001">
    <system-out><![CDATA[Output DOT file path: /Users/kevinjohnson/Downloads/CSE-464-2023-kljohn71-main/CSE-464-2023-kljohn71-1/CSE464-Part1/test/output_graph.dot
]]></system-out>
  </testcase>
  <testcase name="testAddNode" classname="GraphParserTest" time="0.0">
    <system-out><![CDATA[Output DOT file path: /Users/kevinjohnson/Downloads/CSE-464-2023-kljohn71-main/CSE-464-2023-kljohn71-1/CSE464-Part1/test/output_graph.dot
]]></system-out>
  </testcase>
  <testcase name="testRemoveNodes" classname="GraphParserTest" time="0.0">
    <system-out><![CDATA[Output DOT file path: /Users/kevinjohnson/Downloads/CSE-464-2023-kljohn71-main/CSE-464-2023-kljohn71-1/CSE464-Part1/test/output_graph.dot
]]></system-out>
  </testcase>
  <testcase name="testAddNodes" classname="GraphParserTest" time="0.0">
    <system-out><![CDATA[Output DOT file path: /Users/kevinjohnson/Downloads/CSE-464-2023-kljohn71-main/CSE-464-2023-kljohn71-1/CSE464-Part1/test/output_graph.dot
]]></system-out>
  </testcase>
  <testcase name="testRemoveEdge" classname="GraphParserTest" time="0.002">
    <system-out><![CDATA[Output DOT file path: /Users/kevinjohnson/Downloads/CSE-464-2023-kljohn71-main/CSE-464-2023-kljohn71-1/CSE464-Part1/test/output_graph.dot
]]></system-out>
  </testcase>
  <testcase name="testRemoveNode" classname="GraphParserTest" time="0.0">
    <system-out><![CDATA[Output DOT file path: /Users/kevinjohnson/Downloads/CSE-464-2023-kljohn71-main/CSE-464-2023-kljohn71-1/CSE464-Part1/test/output_graph.dot
]]></system-out>
  </testcase>
  <testcase name="testOutputGraphWithExpectedFile" classname="GraphParserTest" time="0.0">
    <system-out><![CDATA[Output DOT file path: /Users/kevinjohnson/Downloads/CSE-464-2023-kljohn71-main/CSE-464-2023-kljohn71-1/CSE464-Part1/test/output_graph.dot
]]></system-out>
  </testcase>
  <testcase name="testRemoveNonExistentEdge" classname="GraphParserTest" time="0.003">
    <system-out><![CDATA[Output DOT file path: /Users/kevinjohnson/Downloads/CSE-464-2023-kljohn71-main/CSE-464-2023-kljohn71-1/CSE464-Part1/test/output_graph.dot
]]></system-out>
  </testcase>
  <testcase name="testRemoveNonExistentNode" classname="GraphParserTest" time="0.0">
    <system-out><![CDATA[Output DOT file path: /Users/kevinjohnson/Downloads/CSE-464-2023-kljohn71-main/CSE-464-2023-kljohn71-1/CSE464-Part1/test/output_graph.dot
]]></system-out>
  </testcase>
  <testcase name="testRemoveNonExistentNodes" classname="GraphParserTest" time="0.0">
    <system-out><![CDATA[Output DOT file path: /Users/kevinjohnson/Downloads/CSE-464-2023-kljohn71-main/CSE-464-2023-kljohn71-1/CSE464-Part1/test/output_graph.dot
]]></system-out>
  </testcase>
</testsuite>